<?xml version="1.0" encoding="UTF-8"?>
<!-- Generated by org.testng.reporters.JUnitXMLReporter -->
<testsuite ignored="0" hostname="DESKTOP-57M536C" failures="1" tests="1" name="Flipkart Test1" time="88.108" errors="0" timestamp="2022-02-15T09:21:55 IST">
  <testcase classname="com.ILove_OnlineShoping.testcases.TestCase_TC_002" name="Test_Run" time="8.46">
    <failure type="java.lang.NullPointerException" message="Cannot invoke &amp;quot;org.openqa.selenium.WebDriver.findElement(org.openqa.selenium.By)&amp;quot; because &amp;quot;com.ILove_OnlineShoping.pageobjectmodel.Add_To_Cart.driver&amp;quot; is null">
      <![CDATA[java.lang.NullPointerException: Cannot invoke "org.openqa.selenium.WebDriver.findElement(org.openqa.selenium.By)" because "com.ILove_OnlineShoping.pageobjectmodel.Add_To_Cart.driver" is null
at com.ILove_OnlineShoping.pageobjectmodel.Add_To_Cart.MouseOver_OnFashion(Add_To_Cart.java:32)
at com.ILove_OnlineShoping.testcases.TestCase_TC_002.Test_Run(TestCase_TC_002.java:36)
at java.base/java.util.ArrayList.forEach(ArrayList.java:1511)
at java.base/java.util.concurrent.FutureTask.run(FutureTask.java:264)
at java.base/java.util.concurrent.ThreadPoolExecutor.runWorker(ThreadPoolExecutor.java:1130)
at java.base/java.util.concurrent.ThreadPoolExecutor$Worker.run(ThreadPoolExecutor.java:630)
at java.base/java.lang.Thread.run(Thread.java:832)
... Removed 18 stack frames]]>
    </failure>
  </testcase> <!-- Test_Run -->
</testsuite> <!-- Flipkart Test1 -->
